#! /c/Source/iverilog-install/bin/vvp
:ivl_version "12.0 (devel)" "(s20150603-1539-g2693dd32b)";
:ivl_delay_selection "TYPICAL";
:vpi_time_precision + 0;
:vpi_module "C:\iverilog\lib\ivl\system.vpi";
:vpi_module "C:\iverilog\lib\ivl\vhdl_sys.vpi";
:vpi_module "C:\iverilog\lib\ivl\vhdl_textio.vpi";
:vpi_module "C:\iverilog\lib\ivl\v2005_math.vpi";
:vpi_module "C:\iverilog\lib\ivl\va_math.vpi";
S_000001b8b051c620 .scope module, "led_blink_pattern" "led_blink_pattern" 2 1;
 .timescale 0 0;
    .port_info 0 /INPUT 1 "clk";
    .port_info 1 /INPUT 1 "rst";
    .port_info 2 /OUTPUT 1 "led";
P_000001b8b051c7b0 .param/l "BLINK_LONG_OFF" 0 2 11, +C4<00000000000000000000000000000011>;
P_000001b8b051c7e8 .param/l "BLINK_LONG_ON" 0 2 10, +C4<00000000000000000000000000000010>;
P_000001b8b051c820 .param/l "BLINK_SHORT_OFF" 0 2 9, +C4<00000000000000000000000000000001>;
P_000001b8b051c858 .param/l "BLINK_SHORT_ON" 0 2 8, +C4<00000000000000000000000000000000>;
P_000001b8b051c890 .param/l "CLK_FREQ" 1 2 14, +C4<00000010110111000110110000000000>;
P_000001b8b051c8c8 .param/l "IDLE" 1 2 17, +C4<00000000000000000000000000000000>;
P_000001b8b051c900 .param/real "LONG_BLINK" 1 2 16, Cr<m5b8d800000000000gfdb>; value=4.80000e+07
P_000001b8b051c938 .param/real "SHORT_BLINK" 1 2 15, Cr<m493e000000000000gfd9>; value=9.60000e+06
o000001b8b051dfd8 .functor BUFZ 1, C4<z>; HiZ drive
v000001b8b04c70d0_0 .net "clk", 0 0, o000001b8b051dfd8;  0 drivers
v000001b8b04c6e40_0 .var "counter", 31 0;
v000001b8b04c69a0_0 .var "current_state", 1 0;
v000001b8b051c980_0 .var "led", 0 0;
o000001b8b051e098 .functor BUFZ 1, C4<z>; HiZ drive
v000001b8b051c090_0 .net "rst", 0 0, o000001b8b051e098;  0 drivers
E_000001b8b04c98a0 .event posedge, v000001b8b04c70d0_0;
S_000001b8b051bd70 .scope module, "mux2to1" "mux2to1" 2 76;
 .timescale 0 0;
    .port_info 0 /INPUT 1 "a";
    .port_info 1 /INPUT 1 "b";
    .port_info 2 /INPUT 1 "sel";
    .port_info 3 /OUTPUT 1 "out";
o000001b8b051e158 .functor BUFZ 1, C4<z>; HiZ drive
v000001b8b051c130_0 .net "a", 0 0, o000001b8b051e158;  0 drivers
o000001b8b051e188 .functor BUFZ 1, C4<z>; HiZ drive
v000001b8b0566840_0 .net "b", 0 0, o000001b8b051e188;  0 drivers
v000001b8b05668e0_0 .net "out", 0 0, L_000001b8b05130a0;  1 drivers
o000001b8b051e1e8 .functor BUFZ 1, C4<z>; HiZ drive
v000001b8b0566980_0 .net "sel", 0 0, o000001b8b051e1e8;  0 drivers
L_000001b8b05130a0 .functor MUXZ 1, o000001b8b051e158, o000001b8b051e188, o000001b8b051e1e8, C4<>;
S_000001b8b051bf00 .scope module, "mux_with_reset" "mux_with_reset" 2 87;
 .timescale 0 0;
    .port_info 0 /INPUT 1 "a";
    .port_info 1 /INPUT 1 "b";
    .port_info 2 /INPUT 1 "sel";
    .port_info 3 /INPUT 1 "reset";
    .port_info 4 /INPUT 1 "reset_val";
    .port_info 5 /OUTPUT 1 "out";
o000001b8b051e2d8 .functor BUFZ 1, C4<z>; HiZ drive
v000001b8b0566a20_0 .net "a", 0 0, o000001b8b051e2d8;  0 drivers
o000001b8b051e308 .functor BUFZ 1, C4<z>; HiZ drive
v000001b8b0566ac0_0 .net "b", 0 0, o000001b8b051e308;  0 drivers
v000001b8b0566b60_0 .var "out", 0 0;
o000001b8b051e368 .functor BUFZ 1, C4<z>; HiZ drive
v000001b8b0566c00_0 .net "reset", 0 0, o000001b8b051e368;  0 drivers
o000001b8b051e398 .functor BUFZ 1, C4<z>; HiZ drive
v000001b8b0566ca0_0 .net "reset_val", 0 0, o000001b8b051e398;  0 drivers
o000001b8b051e3c8 .functor BUFZ 1, C4<z>; HiZ drive
v000001b8b0513460_0 .net "sel", 0 0, o000001b8b051e3c8;  0 drivers
E_000001b8b04c98e0/0 .event anyedge, v000001b8b0566c00_0, v000001b8b0566ca0_0, v000001b8b0513460_0, v000001b8b0566ac0_0;
E_000001b8b04c98e0/1 .event anyedge, v000001b8b0566a20_0;
E_000001b8b04c98e0 .event/or E_000001b8b04c98e0/0, E_000001b8b04c98e0/1;
    .scope S_000001b8b051c620;
T_0 ;
    %pushi/vec4 1, 0, 2;
    %store/vec4 v000001b8b04c69a0_0, 0, 2;
    %pushi/vec4 0, 0, 32;
    %store/vec4 v000001b8b04c6e40_0, 0, 32;
    %end;
    .thread T_0;
    .scope S_000001b8b051c620;
T_1 ;
    %wait E_000001b8b04c98a0;
    %load/vec4 v000001b8b051c090_0;
    %flag_set/vec4 8;
    %jmp/0xz  T_1.0, 8;
    %pushi/vec4 1, 0, 1;
    %assign/vec4 v000001b8b051c980_0, 0;
    %pushi/vec4 0, 0, 32;
    %assign/vec4 v000001b8b04c6e40_0, 0;
    %pushi/vec4 1, 0, 2;
    %assign/vec4 v000001b8b04c69a0_0, 0;
    %jmp T_1.1;
T_1.0 ;
    %load/vec4 v000001b8b04c69a0_0;
    %dup/vec4;
    %pushi/vec4 1, 0, 2;
    %cmp/u;
    %jmp/1 T_1.2, 6;
    %dup/vec4;
    %pushi/vec4 2, 0, 2;
    %cmp/u;
    %jmp/1 T_1.3, 6;
    %dup/vec4;
    %pushi/vec4 3, 0, 2;
    %cmp/u;
    %jmp/1 T_1.4, 6;
    %dup/vec4;
    %pushi/vec4 0, 0, 2;
    %cmp/u;
    %jmp/1 T_1.5, 6;
    %pushi/vec4 1, 0, 2;
    %assign/vec4 v000001b8b04c69a0_0, 0;
    %jmp T_1.7;
T_1.2 ;
    %pushi/vec4 1, 0, 1;
    %assign/vec4 v000001b8b051c980_0, 0;
    %load/vec4 v000001b8b04c6e40_0;
    %cvt/rv;
    %pushi/real 1228800000, 4089; load=9.60000e+06
    %cmp/wr;
    %jmp/0xz  T_1.8, 5;
    %load/vec4 v000001b8b04c6e40_0;
    %addi 1, 0, 32;
    %assign/vec4 v000001b8b04c6e40_0, 0;
    %jmp T_1.9;
T_1.8 ;
    %pushi/vec4 0, 0, 32;
    %assign/vec4 v000001b8b04c6e40_0, 0;
    %pushi/vec4 2, 0, 2;
    %assign/vec4 v000001b8b04c69a0_0, 0;
T_1.9 ;
    %jmp T_1.7;
T_1.3 ;
    %pushi/vec4 0, 0, 1;
    %assign/vec4 v000001b8b051c980_0, 0;
    %load/vec4 v000001b8b04c6e40_0;
    %cvt/rv;
    %pushi/real 1536000000, 4091; load=4.80000e+07
    %cmp/wr;
    %jmp/0xz  T_1.10, 5;
    %load/vec4 v000001b8b04c6e40_0;
    %addi 1, 0, 32;
    %assign/vec4 v000001b8b04c6e40_0, 0;
    %jmp T_1.11;
T_1.10 ;
    %pushi/vec4 0, 0, 32;
    %assign/vec4 v000001b8b04c6e40_0, 0;
    %pushi/vec4 3, 0, 2;
    %assign/vec4 v000001b8b04c69a0_0, 0;
T_1.11 ;
    %jmp T_1.7;
T_1.4 ;
    %pushi/vec4 1, 0, 1;
    %assign/vec4 v000001b8b051c980_0, 0;
    %load/vec4 v000001b8b04c6e40_0;
    %cvt/rv;
    %pushi/real 1228800000, 4089; load=9.60000e+06
    %cmp/wr;
    %jmp/0xz  T_1.12, 5;
    %load/vec4 v000001b8b04c6e40_0;
    %addi 1, 0, 32;
    %assign/vec4 v000001b8b04c6e40_0, 0;
    %jmp T_1.13;
T_1.12 ;
    %pushi/vec4 0, 0, 32;
    %assign/vec4 v000001b8b04c6e40_0, 0;
    %pushi/vec4 0, 0, 2;
    %assign/vec4 v000001b8b04c69a0_0, 0;
T_1.13 ;
    %jmp T_1.7;
T_1.5 ;
    %pushi/vec4 0, 0, 1;
    %assign/vec4 v000001b8b051c980_0, 0;
    %load/vec4 v000001b8b04c6e40_0;
    %cvt/rv;
    %pushi/real 1228800000, 4089; load=9.60000e+06
    %cmp/wr;
    %jmp/0xz  T_1.14, 5;
    %load/vec4 v000001b8b04c6e40_0;
    %addi 1, 0, 32;
    %assign/vec4 v000001b8b04c6e40_0, 0;
    %jmp T_1.15;
T_1.14 ;
    %pushi/vec4 0, 0, 32;
    %assign/vec4 v000001b8b04c6e40_0, 0;
    %pushi/vec4 1, 0, 2;
    %assign/vec4 v000001b8b04c69a0_0, 0;
T_1.15 ;
    %jmp T_1.7;
T_1.7 ;
    %pop/vec4 1;
T_1.1 ;
    %jmp T_1;
    .thread T_1;
    .scope S_000001b8b051bf00;
T_2 ;
    %wait E_000001b8b04c98e0;
    %load/vec4 v000001b8b0566c00_0;
    %flag_set/vec4 8;
    %jmp/0xz  T_2.0, 8;
    %load/vec4 v000001b8b0566ca0_0;
    %store/vec4 v000001b8b0566b60_0, 0, 1;
    %jmp T_2.1;
T_2.0 ;
    %load/vec4 v000001b8b0513460_0;
    %flag_set/vec4 8;
    %jmp/0xz  T_2.2, 8;
    %load/vec4 v000001b8b0566ac0_0;
    %store/vec4 v000001b8b0566b60_0, 0, 1;
    %jmp T_2.3;
T_2.2 ;
    %load/vec4 v000001b8b0566a20_0;
    %store/vec4 v000001b8b0566b60_0, 0, 1;
T_2.3 ;
T_2.1 ;
    %jmp T_2;
    .thread T_2, $push;
# The file index is used to find the file name in the following table.
:file_names 3;
    "N/A";
    "<interactive>";
    "led_pattern.v";
